<?xml version="1.0" encoding="UTF-8"?>
<!-- Generated by org.testng.reporters.JUnitReportReporter -->
<testsuite skipped="0" hostname="IBM-Testing01" name="demoWebShopTests.LoginPageTest" tests="1" failures="0" timestamp="09 Jan 2020 04:23:48 GMT" time="18.838" errors="0">
  <testcase name="checklogin" time="18.838" classname="demoWebShopTests.LoginPageTest"/>
</testsuite> <!-- demoWebShopTests.LoginPageTest -->
