<?xml version="1.0" encoding="UTF-8"?>
<!-- Generated by org.testng.reporters.JUnitReportReporter -->
<testsuite skipped="0" hostname="IBM-Testing01" name="demoWebShopTests.RegisterLoginPageTest" tests="2" failures="0" timestamp="09 Jan 2020 06:13:14 GMT" time="46.651" errors="0">
  <testcase name="checklogin" time="27.328" classname="demoWebShopTests.RegisterLoginPageTest"/>
  <testcase name="Register" time="19.323" classname="demoWebShopTests.RegisterLoginPageTest"/>
</testsuite> <!-- demoWebShopTests.RegisterLoginPageTest -->
